timestamp: 2016-06-02T10:12:56.782000
CREATE TABLE auth_user(
    id INTEGER PRIMARY KEY AUTOINCREMENT,
    first_name CHAR(128),
    last_name CHAR(128),
    email CHAR(512),
    password CHAR(512),
    registration_key CHAR(512),
    reset_password_key CHAR(512),
    registration_id CHAR(512)
);
success!
timestamp: 2016-06-02T10:12:56.892000
CREATE TABLE auth_group(
    id INTEGER PRIMARY KEY AUTOINCREMENT,
    role CHAR(512),
    description TEXT
);
success!
timestamp: 2016-06-02T10:12:56.967000
CREATE TABLE auth_membership(
    id INTEGER PRIMARY KEY AUTOINCREMENT,
    user_id INTEGER REFERENCES auth_user (id) ON DELETE CASCADE  ,
    group_id INTEGER REFERENCES auth_group (id) ON DELETE CASCADE  
);
success!
timestamp: 2016-06-02T10:12:57.094000
CREATE TABLE auth_permission(
    id INTEGER PRIMARY KEY AUTOINCREMENT,
    group_id INTEGER REFERENCES auth_group (id) ON DELETE CASCADE  ,
    name CHAR(512),
    table_name CHAR(512),
    record_id INTEGER
);
success!
timestamp: 2016-06-02T10:12:57.178000
CREATE TABLE auth_event(
    id INTEGER PRIMARY KEY AUTOINCREMENT,
    time_stamp TIMESTAMP,
    client_ip CHAR(512),
    user_id INTEGER REFERENCES auth_user (id) ON DELETE CASCADE  ,
    origin CHAR(512),
    description TEXT
);
success!
timestamp: 2016-06-02T10:12:57.248000
CREATE TABLE auth_cas(
    id INTEGER PRIMARY KEY AUTOINCREMENT,
    user_id INTEGER REFERENCES auth_user (id) ON DELETE CASCADE  ,
    created_on TIMESTAMP,
    service CHAR(512),
    ticket CHAR(512),
    renew CHAR(1)
);
success!
timestamp: 2016-06-09T21:36:07.559000
CREATE TABLE place(
    id INTEGER PRIMARY KEY AUTOINCREMENT,
    name TEXT,
    descr TEXT,
    lat TEXT,
    lng TEXT,
    cazada TEXT
);
success!
<<<<<<< HEAD
=======
timestamp: 2016-06-21T10:06:15.014000
CREATE TABLE sculpture(
    id INTEGER PRIMARY KEY AUTOINCREMENT,
    title CHAR(512),
    author TEXT,
    country TEXT,
    material TEXT,
    address TEXT,
    yearCreate TEXT,
    fileImage CHAR(512),
    awards TEXT
);
success!
timestamp: 2016-06-21T10:06:15.239000
ALTER TABLE place ADD sculpture_id INTEGER REFERENCES sculpture (id) ON DELETE CASCADE  ;
success!
success!
success!
success!
success!
success!
success!
success!
success!
success!
success!
success!
success!
success!
success!
success!
success!
success!
success!
success!
success!
success!
success!
success!
success!
success!
success!
success!
success!
success!
success!
success!
success!
success!
success!
success!
success!
success!
success!
success!
success!
success!
success!
success!
success!
success!
success!
success!
success!
success!
success!
success!
success!
success!
success!
success!
success!
success!
success!
success!
success!
success!
success!
success!
success!
success!
success!
success!
success!
success!
success!
success!
success!
success!
success!
success!
success!
success!
success!
success!
success!
success!
success!
success!
success!
success!
success!
success!
success!
success!
success!
success!
success!
success!
success!
success!
success!
success!
success!
success!
success!
success!
success!
success!
success!
success!
success!
success!
success!
success!
success!
success!
success!
success!
success!
success!
success!
success!
success!
success!
success!
success!
success!
success!
success!
success!
success!
success!
success!
success!
success!
success!
success!
success!
success!
success!
success!
success!
success!
success!
success!
success!
success!
success!
success!
success!
success!
success!
success!
success!
success!
success!
success!
success!
success!
success!
success!
success!
success!
success!
success!
success!
success!
success!
success!
success!
success!
success!
success!
success!
success!
success!
success!
success!
success!
success!
success!
success!
success!
success!
timestamp: 2016-06-22T10:05:31.959000
ALTER TABLE sculpture ADD fileimagenohunt CHAR(512);
timestamp: 2016-06-22T10:05:43.343000
ALTER TABLE sculpture ADD fileimagenohunt CHAR(512);
timestamp: 2016-06-22T10:09:14.232000
ALTER TABLE sculpture ADD fileimagenohunturl TEXT;
timestamp: 2016-06-22T10:10:08.374000
ALTER TABLE sculpture ADD fileimageurl TEXT;
success!
success!
success!
success!
success!
success!
success!
success!
success!
success!
success!
success!
timestamp: 2016-06-22T10:12:02.193000
ALTER TABLE sculpture ADD fileimageurl TEXT;
timestamp: 2016-06-22T10:12:13.836000
ALTER TABLE sculpture ADD fileimageurl TEXT;
timestamp: 2016-06-22T10:12:48.771000
CREATE TABLE sculpture(
    id INTEGER PRIMARY KEY AUTOINCREMENT,
    title CHAR(512),
    author TEXT,
    country TEXT,
    material TEXT,
    address TEXT,
    yearCreate TEXT,
    fileImageURL TEXT,
    fileImageNHURL TEXT,
    awards TEXT
);
success!
success!
success!
success!
success!
success!
<<<<<<< HEAD
success!
success!
success!
success!
success!
success!
success!
success!
success!
success!
success!
success!
success!
success!
success!
success!
success!
success!
success!
success!
success!
success!
success!
success!
success!
success!
success!
=======
>>>>>>> af99486b5099ade436fa523849f31361b4039d77
>>>>>>> 8a7741ca7f25e2556fccaa9965dfc23807055f11
