[2016-06-29 19:24:57] START
[2016-06-29 19:45:02] CREATE gameOnController.py: 0
[2016-06-29 19:45:11] DELETE ChuwalTestR/controllers/gameOnController.py: -1
[2016-06-29 19:45:23] CREATE chuGame.py: 0
[2016-06-29 19:46:40] CREATE chuInterface.py: 0
[2016-06-29 19:46:54] CREATE chuMap.py: 0
[2016-06-29 19:47:34] CREATE __init__.py: 0
[2016-06-29 19:49:57] CREATE chuInterface/chuHome.html: 0
[2016-06-29 19:52:20] CREATE chuInterface/chuProfile.html: 0
[2016-06-29 19:52:49] CREATE chuInterface/chuUs.html: 0
[2016-06-29 19:54:01] CREATE chuController.py: 0
[2016-06-29 19:59:40] DELETE ChuwalTestR/controllers/chuGame.py: -1
[2016-06-29 20:00:50] CREATE chuList.py: 0
[2016-06-29 20:01:36] CREATE chuHunt.py: 0
[2016-06-29 20:07:05] CREATE chuSculpInfo.html: 0
[2016-06-29 20:07:21] DELETE ChuwalTestR/views/chuSculpInfo.html: -3
[2016-06-29 20:07:53] CREATE chuInterface/chuSculptInfo.html: 0
[2016-06-29 20:09:05] CREATE chuInterface/chuMap.html: 0
[2016-06-29 20:09:29] CREATE chuInterface/chuList.html: 0
[2016-06-29 20:12:36] CREATE chuTemplate.html: 0
[2016-06-29 20:18:26] CREATE chuInterface/chuHunt.html: 0
[2016-06-29 20:23:33] CREATE css/chuCss: 0
[2016-06-29 20:23:48] DELETE ChuwalTestR/static/css/chuCss: 0
[2016-06-29 20:24:01] CREATE css/chuCSS.css: 0
[2016-06-29 20:25:13] CREATE css/chuInfoCss: 0
[2016-06-30 09:29:23] CREATE chuControll.py: 0
[2016-06-30 09:29:32] CREATE chuHunt.py: 0
[2016-06-30 09:30:58] DELETE ChuwalTestR/controllers/chuHunt.py: -7
[2016-06-30 09:31:08] DELETE ChuwalTestR/controllers/chuController.py: -21
[2016-06-30 09:31:16] CREATE chuHunt.py: 0
[2016-06-30 09:31:43] DELETE ChuwalTestR/controllers/chuList.py: -2
[2016-06-30 09:31:49] DELETE ChuwalTestR/controllers/chuHunt.py: -1
[2016-06-30 09:32:29] CREATE chuMap.py: 0
[2016-06-30 09:32:42] CREATE chuList.py: 0
[2016-07-03 14:53:31] DELETE ChuwalTestR/controllers/chuMap.py: 0
[2016-07-03 14:53:46] CREATE chuGame.py: 0
[2016-07-03 14:54:09] DELETE ChuwalTestR/views/chuInterface/chuHunt.html: -3
[2016-07-03 14:54:22] DELETE ChuwalTestR/views/chuInterface/chuMap.html: -53
[2016-07-03 14:54:30] DELETE ChuwalTestR/views/chuInterface/chuList.html: -100
[2016-07-03 14:55:06] CREATE chuGame/chuMap.html: 0
[2016-07-03 14:55:33] CREATE chuGame/List.html: 0
[2016-07-03 14:55:47] CREATE chuGame/chuHunt.html: 0
[2016-07-03 14:56:10] DELETE ChuwalTestR/views/chuGame/List.html: -3
[2016-07-03 14:56:21] CREATE chuGame/chuList.html: 0
[2016-07-03 15:00:12] DELETE ChuwalTestR/modules/chuControll.py: -25
[2016-07-03 15:00:19] DELETE ChuwalTestR/modules/chuHunt.py: -8
[2016-07-03 15:00:25] DELETE ChuwalTestR/modules/chuList.py: -1
[2016-07-03 15:00:31] DELETE ChuwalTestR/modules/chuMap.py: -36
[2016-07-03 15:08:38] CREATE chuInterface/chu404.html: 0
[2016-07-04 09:21:32] CREATE chuGame/chuSculptInfo.html: 0
[2016-07-04 09:21:40] DELETE ChuwalTestR/views/chuInterface/chuSculptInfo.html: -34
